<?xml version="1.0" encoding="UTF-8"?>
<testsuite name="taxipark.TestTask2FaithfulPassengers" tests="8" skipped="0" failures="8" errors="0" timestamp="2021-01-13T08:07:05" hostname="C02D9EFVMD6M" time="0.005">
  <properties/>
  <testcase name="test0" classname="taxipark.TestTask2FaithfulPassengers" time="0.001">
    <failure message="java.lang.AssertionError: Wrong result for 'findFaithfulPassengers()'. MinTrips: 1.&#10;Taxi park:&#10;Drivers: [D-0, D-1, D-2]&#10;Passengers: [P-0, P-1, P-2, P-3, P-4]&#10;Trips: []&#10; expected: kotlin.collections.EmptySet&lt;[]&gt; but was: java.util.ArrayList&lt;[]&gt;" type="java.lang.AssertionError">java.lang.AssertionError: Wrong result for 'findFaithfulPassengers()'. MinTrips: 1.
Taxi park:
Drivers: [D-0, D-1, D-2]
Passengers: [P-0, P-1, P-2, P-3, P-4]
Trips: []
 expected: kotlin.collections.EmptySet&lt;[]&gt; but was: java.util.ArrayList&lt;[]&gt;
	at org.junit.Assert.fail(Assert.java:88)
	at org.junit.Assert.failNotEquals(Assert.java:834)
	at org.junit.Assert.assertEquals(Assert.java:118)
	at taxipark.TestTask2FaithfulPassengers.testFaithfulPassengers(TestTask2FaithfulPassengers.kt:13)
	at taxipark.TestTask2FaithfulPassengers.test0(TestTask2FaithfulPassengers.kt:17)
	at sun.reflect.NativeMethodAccessorImpl.invoke0(Native Method)
	at sun.reflect.NativeMethodAccessorImpl.invoke(NativeMethodAccessorImpl.java:62)
	at sun.reflect.DelegatingMethodAccessorImpl.invoke(DelegatingMethodAccessorImpl.java:43)
	at java.lang.reflect.Method.invoke(Method.java:498)
	at org.junit.runners.model.FrameworkMethod$1.runReflectiveCall(FrameworkMethod.java:50)
	at org.junit.internal.runners.model.ReflectiveCallable.run(ReflectiveCallable.java:12)
	at org.junit.runners.model.FrameworkMethod.invokeExplosively(FrameworkMethod.java:47)
	at org.junit.internal.runners.statements.InvokeMethod.evaluate(InvokeMethod.java:17)
	at org.junit.runners.ParentRunner.runLeaf(ParentRunner.java:325)
	at org.junit.runners.BlockJUnit4ClassRunner.runChild(BlockJUnit4ClassRunner.java:78)
	at org.junit.runners.BlockJUnit4ClassRunner.runChild(BlockJUnit4ClassRunner.java:57)
	at org.junit.runners.ParentRunner$3.run(ParentRunner.java:290)
	at org.junit.runners.ParentRunner$1.schedule(ParentRunner.java:71)
	at org.junit.runners.ParentRunner.runChildren(ParentRunner.java:288)
	at org.junit.runners.ParentRunner.access$000(ParentRunner.java:58)
	at org.junit.runners.ParentRunner$2.evaluate(ParentRunner.java:268)
	at org.junit.runners.ParentRunner.run(ParentRunner.java:363)
	at org.gradle.api.internal.tasks.testing.junit.JUnitTestClassExecutor.runTestClass(JUnitTestClassExecutor.java:110)
	at org.gradle.api.internal.tasks.testing.junit.JUnitTestClassExecutor.execute(JUnitTestClassExecutor.java:58)
	at org.gradle.api.internal.tasks.testing.junit.JUnitTestClassExecutor.execute(JUnitTestClassExecutor.java:38)
	at org.gradle.api.internal.tasks.testing.junit.AbstractJUnitTestClassProcessor.processTestClass(AbstractJUnitTestClassProcessor.java:62)
	at org.gradle.api.internal.tasks.testing.SuiteTestClassProcessor.processTestClass(SuiteTestClassProcessor.java:51)
	at sun.reflect.NativeMethodAccessorImpl.invoke0(Native Method)
	at sun.reflect.NativeMethodAccessorImpl.invoke(NativeMethodAccessorImpl.java:62)
	at sun.reflect.DelegatingMethodAccessorImpl.invoke(DelegatingMethodAccessorImpl.java:43)
	at java.lang.reflect.Method.invoke(Method.java:498)
	at org.gradle.internal.dispatch.ReflectionDispatch.dispatch(ReflectionDispatch.java:36)
	at org.gradle.internal.dispatch.ReflectionDispatch.dispatch(ReflectionDispatch.java:24)
	at org.gradle.internal.dispatch.ContextClassLoaderDispatch.dispatch(ContextClassLoaderDispatch.java:33)
	at org.gradle.internal.dispatch.ProxyDispatchAdapter$DispatchingInvocationHandler.invoke(ProxyDispatchAdapter.java:94)
	at com.sun.proxy.$Proxy2.processTestClass(Unknown Source)
	at org.gradle.api.internal.tasks.testing.worker.TestWorker.processTestClass(TestWorker.java:119)
	at sun.reflect.NativeMethodAccessorImpl.invoke0(Native Method)
	at sun.reflect.NativeMethodAccessorImpl.invoke(NativeMethodAccessorImpl.java:62)
	at sun.reflect.DelegatingMethodAccessorImpl.invoke(DelegatingMethodAccessorImpl.java:43)
	at java.lang.reflect.Method.invoke(Method.java:498)
	at org.gradle.internal.dispatch.ReflectionDispatch.dispatch(ReflectionDispatch.java:36)
	at org.gradle.internal.dispatch.ReflectionDispatch.dispatch(ReflectionDispatch.java:24)
	at org.gradle.internal.remote.internal.hub.MessageHubBackedObjectConnection$DispatchWrapper.dispatch(MessageHubBackedObjectConnection.java:182)
	at org.gradle.internal.remote.internal.hub.MessageHubBackedObjectConnection$DispatchWrapper.dispatch(MessageHubBackedObjectConnection.java:164)
	at org.gradle.internal.remote.internal.hub.MessageHub$Handler.run(MessageHub.java:414)
	at org.gradle.internal.concurrent.ExecutorPolicy$CatchAndRecordFailures.onExecute(ExecutorPolicy.java:64)
	at org.gradle.internal.concurrent.ManagedExecutorImpl$1.run(ManagedExecutorImpl.java:48)
	at java.util.concurrent.ThreadPoolExecutor.runWorker(ThreadPoolExecutor.java:1149)
	at java.util.concurrent.ThreadPoolExecutor$Worker.run(ThreadPoolExecutor.java:624)
	at org.gradle.internal.concurrent.ThreadFactoryImpl$ManagedThreadRunnable.run(ThreadFactoryImpl.java:56)
	at java.lang.Thread.run(Thread.java:748)
</failure>
  </testcase>
  <testcase name="test1" classname="taxipark.TestTask2FaithfulPassengers" time="0.0">
    <failure message="java.lang.AssertionError: Wrong result for 'findFaithfulPassengers()'. MinTrips: 2.&#10;Taxi park:&#10;Drivers: [D-1, D-2, D-3]&#10;Passengers: [P-1, P-2, P-3, P-4, P-5]&#10;Trips: [(D-1, [P-1], 10, 3.0), (D-2, [P-1], 10, 3.0), (D-1, [P-4], 10, 3.0), (D-3, [P-4], 10, 3.0), (D-1, [P-5], 10, 3.0), (D-2, [P-5], 10, 3.0), (D-2, [P-2], 10, 3.0)]&#10; expected: java.util.LinkedHashSet&lt;[Passenger(name=P-1), Passenger(name=P-4), Passenger(name=P-5)]&gt; but was: java.util.ArrayList&lt;[Passenger(name=P-1), Passenger(name=P-4), Passenger(name=P-5)]&gt;" type="java.lang.AssertionError">java.lang.AssertionError: Wrong result for 'findFaithfulPassengers()'. MinTrips: 2.
Taxi park:
Drivers: [D-1, D-2, D-3]
Passengers: [P-1, P-2, P-3, P-4, P-5]
Trips: [(D-1, [P-1], 10, 3.0), (D-2, [P-1], 10, 3.0), (D-1, [P-4], 10, 3.0), (D-3, [P-4], 10, 3.0), (D-1, [P-5], 10, 3.0), (D-2, [P-5], 10, 3.0), (D-2, [P-2], 10, 3.0)]
 expected: java.util.LinkedHashSet&lt;[Passenger(name=P-1), Passenger(name=P-4), Passenger(name=P-5)]&gt; but was: java.util.ArrayList&lt;[Passenger(name=P-1), Passenger(name=P-4), Passenger(name=P-5)]&gt;
	at org.junit.Assert.fail(Assert.java:88)
	at org.junit.Assert.failNotEquals(Assert.java:834)
	at org.junit.Assert.assertEquals(Assert.java:118)
	at taxipark.TestTask2FaithfulPassengers.testFaithfulPassengers(TestTask2FaithfulPassengers.kt:13)
	at taxipark.TestTask2FaithfulPassengers.test1(TestTask2FaithfulPassengers.kt:22)
	at sun.reflect.NativeMethodAccessorImpl.invoke0(Native Method)
	at sun.reflect.NativeMethodAccessorImpl.invoke(NativeMethodAccessorImpl.java:62)
	at sun.reflect.DelegatingMethodAccessorImpl.invoke(DelegatingMethodAccessorImpl.java:43)
	at java.lang.reflect.Method.invoke(Method.java:498)
	at org.junit.runners.model.FrameworkMethod$1.runReflectiveCall(FrameworkMethod.java:50)
	at org.junit.internal.runners.model.ReflectiveCallable.run(ReflectiveCallable.java:12)
	at org.junit.runners.model.FrameworkMethod.invokeExplosively(FrameworkMethod.java:47)
	at org.junit.internal.runners.statements.InvokeMethod.evaluate(InvokeMethod.java:17)
	at org.junit.runners.ParentRunner.runLeaf(ParentRunner.java:325)
	at org.junit.runners.BlockJUnit4ClassRunner.runChild(BlockJUnit4ClassRunner.java:78)
	at org.junit.runners.BlockJUnit4ClassRunner.runChild(BlockJUnit4ClassRunner.java:57)
	at org.junit.runners.ParentRunner$3.run(ParentRunner.java:290)
	at org.junit.runners.ParentRunner$1.schedule(ParentRunner.java:71)
	at org.junit.runners.ParentRunner.runChildren(ParentRunner.java:288)
	at org.junit.runners.ParentRunner.access$000(ParentRunner.java:58)
	at org.junit.runners.ParentRunner$2.evaluate(ParentRunner.java:268)
	at org.junit.runners.ParentRunner.run(ParentRunner.java:363)
	at org.gradle.api.internal.tasks.testing.junit.JUnitTestClassExecutor.runTestClass(JUnitTestClassExecutor.java:110)
	at org.gradle.api.internal.tasks.testing.junit.JUnitTestClassExecutor.execute(JUnitTestClassExecutor.java:58)
	at org.gradle.api.internal.tasks.testing.junit.JUnitTestClassExecutor.execute(JUnitTestClassExecutor.java:38)
	at org.gradle.api.internal.tasks.testing.junit.AbstractJUnitTestClassProcessor.processTestClass(AbstractJUnitTestClassProcessor.java:62)
	at org.gradle.api.internal.tasks.testing.SuiteTestClassProcessor.processTestClass(SuiteTestClassProcessor.java:51)
	at sun.reflect.NativeMethodAccessorImpl.invoke0(Native Method)
	at sun.reflect.NativeMethodAccessorImpl.invoke(NativeMethodAccessorImpl.java:62)
	at sun.reflect.DelegatingMethodAccessorImpl.invoke(DelegatingMethodAccessorImpl.java:43)
	at java.lang.reflect.Method.invoke(Method.java:498)
	at org.gradle.internal.dispatch.ReflectionDispatch.dispatch(ReflectionDispatch.java:36)
	at org.gradle.internal.dispatch.ReflectionDispatch.dispatch(ReflectionDispatch.java:24)
	at org.gradle.internal.dispatch.ContextClassLoaderDispatch.dispatch(ContextClassLoaderDispatch.java:33)
	at org.gradle.internal.dispatch.ProxyDispatchAdapter$DispatchingInvocationHandler.invoke(ProxyDispatchAdapter.java:94)
	at com.sun.proxy.$Proxy2.processTestClass(Unknown Source)
	at org.gradle.api.internal.tasks.testing.worker.TestWorker.processTestClass(TestWorker.java:119)
	at sun.reflect.NativeMethodAccessorImpl.invoke0(Native Method)
	at sun.reflect.NativeMethodAccessorImpl.invoke(NativeMethodAccessorImpl.java:62)
	at sun.reflect.DelegatingMethodAccessorImpl.invoke(DelegatingMethodAccessorImpl.java:43)
	at java.lang.reflect.Method.invoke(Method.java:498)
	at org.gradle.internal.dispatch.ReflectionDispatch.dispatch(ReflectionDispatch.java:36)
	at org.gradle.internal.dispatch.ReflectionDispatch.dispatch(ReflectionDispatch.java:24)
	at org.gradle.internal.remote.internal.hub.MessageHubBackedObjectConnection$DispatchWrapper.dispatch(MessageHubBackedObjectConnection.java:182)
	at org.gradle.internal.remote.internal.hub.MessageHubBackedObjectConnection$DispatchWrapper.dispatch(MessageHubBackedObjectConnection.java:164)
	at org.gradle.internal.remote.internal.hub.MessageHub$Handler.run(MessageHub.java:414)
	at org.gradle.internal.concurrent.ExecutorPolicy$CatchAndRecordFailures.onExecute(ExecutorPolicy.java:64)
	at org.gradle.internal.concurrent.ManagedExecutorImpl$1.run(ManagedExecutorImpl.java:48)
	at java.util.concurrent.ThreadPoolExecutor.runWorker(ThreadPoolExecutor.java:1149)
	at java.util.concurrent.ThreadPoolExecutor$Worker.run(ThreadPoolExecutor.java:624)
	at org.gradle.internal.concurrent.ThreadFactoryImpl$ManagedThreadRunnable.run(ThreadFactoryImpl.java:56)
	at java.lang.Thread.run(Thread.java:748)
</failure>
  </testcase>
  <testcase name="test2" classname="taxipark.TestTask2FaithfulPassengers" time="0.0">
    <failure message="java.lang.AssertionError: Wrong result for 'findFaithfulPassengers()'. MinTrips: 3.&#10;Taxi park:&#10;Drivers: [D-0, D-1, D-2, D-3, D-4, D-5]&#10;Passengers: [P-0, P-1, P-2, P-3, P-4, P-5]&#10;Trips: [(D-3, [P-2], 5, 4.0, 0.3), (D-3, [P-5, P-2, P-0], 13, 1.0, 0.2), (D-2, [P-1, P-2, P-0], 33, 23.0), (D-2, [P-5, P-4], 16, 5.0), (D-0, [P-2, P-1], 37, 20.0), (D-1, [P-2, P-4], 18, 22.0), (D-3, [P-5], 20, 27.0, 0.1), (D-1, [P-0, P-4], 18, 13.0, 0.1), (D-4, [P-1, P-3], 19, 31.0, 0.2), (D-3, [P-4], 29, 11.0, 0.1)]&#10; expected: java.util.LinkedHashSet&lt;[Passenger(name=P-0), Passenger(name=P-1), Passenger(name=P-2), Passenger(name=P-4), Passenger(name=P-5)]&gt; but was: java.util.ArrayList&lt;[Passenger(name=P-0), Passenger(name=P-1), Passenger(name=P-2), Passenger(name=P-4), Passenger(name=P-5)]&gt;" type="java.lang.AssertionError">java.lang.AssertionError: Wrong result for 'findFaithfulPassengers()'. MinTrips: 3.
Taxi park:
Drivers: [D-0, D-1, D-2, D-3, D-4, D-5]
Passengers: [P-0, P-1, P-2, P-3, P-4, P-5]
Trips: [(D-3, [P-2], 5, 4.0, 0.3), (D-3, [P-5, P-2, P-0], 13, 1.0, 0.2), (D-2, [P-1, P-2, P-0], 33, 23.0), (D-2, [P-5, P-4], 16, 5.0), (D-0, [P-2, P-1], 37, 20.0), (D-1, [P-2, P-4], 18, 22.0), (D-3, [P-5], 20, 27.0, 0.1), (D-1, [P-0, P-4], 18, 13.0, 0.1), (D-4, [P-1, P-3], 19, 31.0, 0.2), (D-3, [P-4], 29, 11.0, 0.1)]
 expected: java.util.LinkedHashSet&lt;[Passenger(name=P-0), Passenger(name=P-1), Passenger(name=P-2), Passenger(name=P-4), Passenger(name=P-5)]&gt; but was: java.util.ArrayList&lt;[Passenger(name=P-0), Passenger(name=P-1), Passenger(name=P-2), Passenger(name=P-4), Passenger(name=P-5)]&gt;
	at org.junit.Assert.fail(Assert.java:88)
	at org.junit.Assert.failNotEquals(Assert.java:834)
	at org.junit.Assert.assertEquals(Assert.java:118)
	at taxipark.TestTask2FaithfulPassengers.testFaithfulPassengers(TestTask2FaithfulPassengers.kt:13)
	at taxipark.TestTask2FaithfulPassengers.test2(TestTask2FaithfulPassengers.kt:27)
	at sun.reflect.NativeMethodAccessorImpl.invoke0(Native Method)
	at sun.reflect.NativeMethodAccessorImpl.invoke(NativeMethodAccessorImpl.java:62)
	at sun.reflect.DelegatingMethodAccessorImpl.invoke(DelegatingMethodAccessorImpl.java:43)
	at java.lang.reflect.Method.invoke(Method.java:498)
	at org.junit.runners.model.FrameworkMethod$1.runReflectiveCall(FrameworkMethod.java:50)
	at org.junit.internal.runners.model.ReflectiveCallable.run(ReflectiveCallable.java:12)
	at org.junit.runners.model.FrameworkMethod.invokeExplosively(FrameworkMethod.java:47)
	at org.junit.internal.runners.statements.InvokeMethod.evaluate(InvokeMethod.java:17)
	at org.junit.runners.ParentRunner.runLeaf(ParentRunner.java:325)
	at org.junit.runners.BlockJUnit4ClassRunner.runChild(BlockJUnit4ClassRunner.java:78)
	at org.junit.runners.BlockJUnit4ClassRunner.runChild(BlockJUnit4ClassRunner.java:57)
	at org.junit.runners.ParentRunner$3.run(ParentRunner.java:290)
	at org.junit.runners.ParentRunner$1.schedule(ParentRunner.java:71)
	at org.junit.runners.ParentRunner.runChildren(ParentRunner.java:288)
	at org.junit.runners.ParentRunner.access$000(ParentRunner.java:58)
	at org.junit.runners.ParentRunner$2.evaluate(ParentRunner.java:268)
	at org.junit.runners.ParentRunner.run(ParentRunner.java:363)
	at org.gradle.api.internal.tasks.testing.junit.JUnitTestClassExecutor.runTestClass(JUnitTestClassExecutor.java:110)
	at org.gradle.api.internal.tasks.testing.junit.JUnitTestClassExecutor.execute(JUnitTestClassExecutor.java:58)
	at org.gradle.api.internal.tasks.testing.junit.JUnitTestClassExecutor.execute(JUnitTestClassExecutor.java:38)
	at org.gradle.api.internal.tasks.testing.junit.AbstractJUnitTestClassProcessor.processTestClass(AbstractJUnitTestClassProcessor.java:62)
	at org.gradle.api.internal.tasks.testing.SuiteTestClassProcessor.processTestClass(SuiteTestClassProcessor.java:51)
	at sun.reflect.NativeMethodAccessorImpl.invoke0(Native Method)
	at sun.reflect.NativeMethodAccessorImpl.invoke(NativeMethodAccessorImpl.java:62)
	at sun.reflect.DelegatingMethodAccessorImpl.invoke(DelegatingMethodAccessorImpl.java:43)
	at java.lang.reflect.Method.invoke(Method.java:498)
	at org.gradle.internal.dispatch.ReflectionDispatch.dispatch(ReflectionDispatch.java:36)
	at org.gradle.internal.dispatch.ReflectionDispatch.dispatch(ReflectionDispatch.java:24)
	at org.gradle.internal.dispatch.ContextClassLoaderDispatch.dispatch(ContextClassLoaderDispatch.java:33)
	at org.gradle.internal.dispatch.ProxyDispatchAdapter$DispatchingInvocationHandler.invoke(ProxyDispatchAdapter.java:94)
	at com.sun.proxy.$Proxy2.processTestClass(Unknown Source)
	at org.gradle.api.internal.tasks.testing.worker.TestWorker.processTestClass(TestWorker.java:119)
	at sun.reflect.NativeMethodAccessorImpl.invoke0(Native Method)
	at sun.reflect.NativeMethodAccessorImpl.invoke(NativeMethodAccessorImpl.java:62)
	at sun.reflect.DelegatingMethodAccessorImpl.invoke(DelegatingMethodAccessorImpl.java:43)
	at java.lang.reflect.Method.invoke(Method.java:498)
	at org.gradle.internal.dispatch.ReflectionDispatch.dispatch(ReflectionDispatch.java:36)
	at org.gradle.internal.dispatch.ReflectionDispatch.dispatch(ReflectionDispatch.java:24)
	at org.gradle.internal.remote.internal.hub.MessageHubBackedObjectConnection$DispatchWrapper.dispatch(MessageHubBackedObjectConnection.java:182)
	at org.gradle.internal.remote.internal.hub.MessageHubBackedObjectConnection$DispatchWrapper.dispatch(MessageHubBackedObjectConnection.java:164)
	at org.gradle.internal.remote.internal.hub.MessageHub$Handler.run(MessageHub.java:414)
	at org.gradle.internal.concurrent.ExecutorPolicy$CatchAndRecordFailures.onExecute(ExecutorPolicy.java:64)
	at org.gradle.internal.concurrent.ManagedExecutorImpl$1.run(ManagedExecutorImpl.java:48)
	at java.util.concurrent.ThreadPoolExecutor.runWorker(ThreadPoolExecutor.java:1149)
	at java.util.concurrent.ThreadPoolExecutor$Worker.run(ThreadPoolExecutor.java:624)
	at org.gradle.internal.concurrent.ThreadFactoryImpl$ManagedThreadRunnable.run(ThreadFactoryImpl.java:56)
	at java.lang.Thread.run(Thread.java:748)
</failure>
  </testcase>
  <testcase name="test3" classname="taxipark.TestTask2FaithfulPassengers" time="0.001">
    <failure message="java.lang.AssertionError: Wrong result for 'findFaithfulPassengers()'. MinTrips: 4.&#10;Taxi park:&#10;Drivers: [D-0, D-1, D-2, D-3, D-4, D-5]&#10;Passengers: [P-0, P-1, P-2, P-3, P-4, P-5]&#10;Trips: [(D-3, [P-2], 5, 4.0, 0.3), (D-3, [P-5, P-2, P-0], 13, 1.0, 0.2), (D-2, [P-1, P-2, P-0], 33, 23.0), (D-2, [P-5, P-4], 16, 5.0), (D-0, [P-2, P-1], 37, 20.0), (D-1, [P-2, P-4], 18, 22.0), (D-3, [P-5], 20, 27.0, 0.1), (D-1, [P-0, P-4], 18, 13.0, 0.1), (D-4, [P-1, P-3], 19, 31.0, 0.2), (D-3, [P-4], 29, 11.0, 0.1)]&#10; expected: java.util.LinkedHashSet&lt;[Passenger(name=P-2), Passenger(name=P-4)]&gt; but was: java.util.ArrayList&lt;[Passenger(name=P-2), Passenger(name=P-4)]&gt;" type="java.lang.AssertionError">java.lang.AssertionError: Wrong result for 'findFaithfulPassengers()'. MinTrips: 4.
Taxi park:
Drivers: [D-0, D-1, D-2, D-3, D-4, D-5]
Passengers: [P-0, P-1, P-2, P-3, P-4, P-5]
Trips: [(D-3, [P-2], 5, 4.0, 0.3), (D-3, [P-5, P-2, P-0], 13, 1.0, 0.2), (D-2, [P-1, P-2, P-0], 33, 23.0), (D-2, [P-5, P-4], 16, 5.0), (D-0, [P-2, P-1], 37, 20.0), (D-1, [P-2, P-4], 18, 22.0), (D-3, [P-5], 20, 27.0, 0.1), (D-1, [P-0, P-4], 18, 13.0, 0.1), (D-4, [P-1, P-3], 19, 31.0, 0.2), (D-3, [P-4], 29, 11.0, 0.1)]
 expected: java.util.LinkedHashSet&lt;[Passenger(name=P-2), Passenger(name=P-4)]&gt; but was: java.util.ArrayList&lt;[Passenger(name=P-2), Passenger(name=P-4)]&gt;
	at org.junit.Assert.fail(Assert.java:88)
	at org.junit.Assert.failNotEquals(Assert.java:834)
	at org.junit.Assert.assertEquals(Assert.java:118)
	at taxipark.TestTask2FaithfulPassengers.testFaithfulPassengers(TestTask2FaithfulPassengers.kt:13)
	at taxipark.TestTask2FaithfulPassengers.test3(TestTask2FaithfulPassengers.kt:40)
	at sun.reflect.NativeMethodAccessorImpl.invoke0(Native Method)
	at sun.reflect.NativeMethodAccessorImpl.invoke(NativeMethodAccessorImpl.java:62)
	at sun.reflect.DelegatingMethodAccessorImpl.invoke(DelegatingMethodAccessorImpl.java:43)
	at java.lang.reflect.Method.invoke(Method.java:498)
	at org.junit.runners.model.FrameworkMethod$1.runReflectiveCall(FrameworkMethod.java:50)
	at org.junit.internal.runners.model.ReflectiveCallable.run(ReflectiveCallable.java:12)
	at org.junit.runners.model.FrameworkMethod.invokeExplosively(FrameworkMethod.java:47)
	at org.junit.internal.runners.statements.InvokeMethod.evaluate(InvokeMethod.java:17)
	at org.junit.runners.ParentRunner.runLeaf(ParentRunner.java:325)
	at org.junit.runners.BlockJUnit4ClassRunner.runChild(BlockJUnit4ClassRunner.java:78)
	at org.junit.runners.BlockJUnit4ClassRunner.runChild(BlockJUnit4ClassRunner.java:57)
	at org.junit.runners.ParentRunner$3.run(ParentRunner.java:290)
	at org.junit.runners.ParentRunner$1.schedule(ParentRunner.java:71)
	at org.junit.runners.ParentRunner.runChildren(ParentRunner.java:288)
	at org.junit.runners.ParentRunner.access$000(ParentRunner.java:58)
	at org.junit.runners.ParentRunner$2.evaluate(ParentRunner.java:268)
	at org.junit.runners.ParentRunner.run(ParentRunner.java:363)
	at org.gradle.api.internal.tasks.testing.junit.JUnitTestClassExecutor.runTestClass(JUnitTestClassExecutor.java:110)
	at org.gradle.api.internal.tasks.testing.junit.JUnitTestClassExecutor.execute(JUnitTestClassExecutor.java:58)
	at org.gradle.api.internal.tasks.testing.junit.JUnitTestClassExecutor.execute(JUnitTestClassExecutor.java:38)
	at org.gradle.api.internal.tasks.testing.junit.AbstractJUnitTestClassProcessor.processTestClass(AbstractJUnitTestClassProcessor.java:62)
	at org.gradle.api.internal.tasks.testing.SuiteTestClassProcessor.processTestClass(SuiteTestClassProcessor.java:51)
	at sun.reflect.NativeMethodAccessorImpl.invoke0(Native Method)
	at sun.reflect.NativeMethodAccessorImpl.invoke(NativeMethodAccessorImpl.java:62)
	at sun.reflect.DelegatingMethodAccessorImpl.invoke(DelegatingMethodAccessorImpl.java:43)
	at java.lang.reflect.Method.invoke(Method.java:498)
	at org.gradle.internal.dispatch.ReflectionDispatch.dispatch(ReflectionDispatch.java:36)
	at org.gradle.internal.dispatch.ReflectionDispatch.dispatch(ReflectionDispatch.java:24)
	at org.gradle.internal.dispatch.ContextClassLoaderDispatch.dispatch(ContextClassLoaderDispatch.java:33)
	at org.gradle.internal.dispatch.ProxyDispatchAdapter$DispatchingInvocationHandler.invoke(ProxyDispatchAdapter.java:94)
	at com.sun.proxy.$Proxy2.processTestClass(Unknown Source)
	at org.gradle.api.internal.tasks.testing.worker.TestWorker.processTestClass(TestWorker.java:119)
	at sun.reflect.NativeMethodAccessorImpl.invoke0(Native Method)
	at sun.reflect.NativeMethodAccessorImpl.invoke(NativeMethodAccessorImpl.java:62)
	at sun.reflect.DelegatingMethodAccessorImpl.invoke(DelegatingMethodAccessorImpl.java:43)
	at java.lang.reflect.Method.invoke(Method.java:498)
	at org.gradle.internal.dispatch.ReflectionDispatch.dispatch(ReflectionDispatch.java:36)
	at org.gradle.internal.dispatch.ReflectionDispatch.dispatch(ReflectionDispatch.java:24)
	at org.gradle.internal.remote.internal.hub.MessageHubBackedObjectConnection$DispatchWrapper.dispatch(MessageHubBackedObjectConnection.java:182)
	at org.gradle.internal.remote.internal.hub.MessageHubBackedObjectConnection$DispatchWrapper.dispatch(MessageHubBackedObjectConnection.java:164)
	at org.gradle.internal.remote.internal.hub.MessageHub$Handler.run(MessageHub.java:414)
	at org.gradle.internal.concurrent.ExecutorPolicy$CatchAndRecordFailures.onExecute(ExecutorPolicy.java:64)
	at org.gradle.internal.concurrent.ManagedExecutorImpl$1.run(ManagedExecutorImpl.java:48)
	at java.util.concurrent.ThreadPoolExecutor.runWorker(ThreadPoolExecutor.java:1149)
	at java.util.concurrent.ThreadPoolExecutor$Worker.run(ThreadPoolExecutor.java:624)
	at org.gradle.internal.concurrent.ThreadFactoryImpl$ManagedThreadRunnable.run(ThreadFactoryImpl.java:56)
	at java.lang.Thread.run(Thread.java:748)
</failure>
  </testcase>
  <testcase name="test4" classname="taxipark.TestTask2FaithfulPassengers" time="0.0">
    <failure message="java.lang.AssertionError: Wrong result for 'findFaithfulPassengers()'. MinTrips: 8.&#10;Taxi park:&#10;Drivers: [D-0, D-1, D-2, D-3]&#10;Passengers: [P-0, P-1, P-2, P-3, P-4, P-5, P-6, P-7]&#10;Trips: [(D-1, [P-2, P-6], 23, 23.0, 0.4), (D-1, [P-3, P-2, P-7], 29, 27.0, 0.1), (D-0, [P-7], 13, 28.0, 0.1), (D-1, [P-5], 5, 0.0), (D-0, [P-3, P-2], 12, 19.0), (D-1, [P-4, P-3, P-6, P-7], 18, 9.0, 0.3), (D-0, [P-1, P-3], 3, 32.0), (D-0, [P-6, P-5, P-0], 9, 7.0), (D-2, [P-6, P-2, P-7], 19, 18.0), (D-0, [P-7], 32, 31.0, 0.1), (D-3, [P-4, P-2, P-5, P-6], 22, 28.0), (D-3, [P-3, P-7, P-2], 36, 20.0), (D-1, [P-1, P-3], 16, 5.0, 0.3), (D-0, [P-6], 18, 27.0), (D-3, [P-3, P-7], 0, 10.0), (D-0, [P-2, P-1, P-6], 9, 8.0), (D-0, [P-6, P-4], 35, 31.0, 0.3), (D-1, [P-7], 23, 7.0), (D-1, [P-0, P-2, P-3, P-5], 33, 14.0, 0.2), (D-0, [P-5, P-3], 8, 1.0)]&#10; expected: java.util.LinkedHashSet&lt;[Passenger(name=P-2), Passenger(name=P-3), Passenger(name=P-6), Passenger(name=P-7)]&gt; but was: java.util.ArrayList&lt;[Passenger(name=P-2), Passenger(name=P-3), Passenger(name=P-6), Passenger(name=P-7)]&gt;" type="java.lang.AssertionError">java.lang.AssertionError: Wrong result for 'findFaithfulPassengers()'. MinTrips: 8.
Taxi park:
Drivers: [D-0, D-1, D-2, D-3]
Passengers: [P-0, P-1, P-2, P-3, P-4, P-5, P-6, P-7]
Trips: [(D-1, [P-2, P-6], 23, 23.0, 0.4), (D-1, [P-3, P-2, P-7], 29, 27.0, 0.1), (D-0, [P-7], 13, 28.0, 0.1), (D-1, [P-5], 5, 0.0), (D-0, [P-3, P-2], 12, 19.0), (D-1, [P-4, P-3, P-6, P-7], 18, 9.0, 0.3), (D-0, [P-1, P-3], 3, 32.0), (D-0, [P-6, P-5, P-0], 9, 7.0), (D-2, [P-6, P-2, P-7], 19, 18.0), (D-0, [P-7], 32, 31.0, 0.1), (D-3, [P-4, P-2, P-5, P-6], 22, 28.0), (D-3, [P-3, P-7, P-2], 36, 20.0), (D-1, [P-1, P-3], 16, 5.0, 0.3), (D-0, [P-6], 18, 27.0), (D-3, [P-3, P-7], 0, 10.0), (D-0, [P-2, P-1, P-6], 9, 8.0), (D-0, [P-6, P-4], 35, 31.0, 0.3), (D-1, [P-7], 23, 7.0), (D-1, [P-0, P-2, P-3, P-5], 33, 14.0, 0.2), (D-0, [P-5, P-3], 8, 1.0)]
 expected: java.util.LinkedHashSet&lt;[Passenger(name=P-2), Passenger(name=P-3), Passenger(name=P-6), Passenger(name=P-7)]&gt; but was: java.util.ArrayList&lt;[Passenger(name=P-2), Passenger(name=P-3), Passenger(name=P-6), Passenger(name=P-7)]&gt;
	at org.junit.Assert.fail(Assert.java:88)
	at org.junit.Assert.failNotEquals(Assert.java:834)
	at org.junit.Assert.assertEquals(Assert.java:118)
	at taxipark.TestTask2FaithfulPassengers.testFaithfulPassengers(TestTask2FaithfulPassengers.kt:13)
	at taxipark.TestTask2FaithfulPassengers.test4(TestTask2FaithfulPassengers.kt:53)
	at sun.reflect.NativeMethodAccessorImpl.invoke0(Native Method)
	at sun.reflect.NativeMethodAccessorImpl.invoke(NativeMethodAccessorImpl.java:62)
	at sun.reflect.DelegatingMethodAccessorImpl.invoke(DelegatingMethodAccessorImpl.java:43)
	at java.lang.reflect.Method.invoke(Method.java:498)
	at org.junit.runners.model.FrameworkMethod$1.runReflectiveCall(FrameworkMethod.java:50)
	at org.junit.internal.runners.model.ReflectiveCallable.run(ReflectiveCallable.java:12)
	at org.junit.runners.model.FrameworkMethod.invokeExplosively(FrameworkMethod.java:47)
	at org.junit.internal.runners.statements.InvokeMethod.evaluate(InvokeMethod.java:17)
	at org.junit.runners.ParentRunner.runLeaf(ParentRunner.java:325)
	at org.junit.runners.BlockJUnit4ClassRunner.runChild(BlockJUnit4ClassRunner.java:78)
	at org.junit.runners.BlockJUnit4ClassRunner.runChild(BlockJUnit4ClassRunner.java:57)
	at org.junit.runners.ParentRunner$3.run(ParentRunner.java:290)
	at org.junit.runners.ParentRunner$1.schedule(ParentRunner.java:71)
	at org.junit.runners.ParentRunner.runChildren(ParentRunner.java:288)
	at org.junit.runners.ParentRunner.access$000(ParentRunner.java:58)
	at org.junit.runners.ParentRunner$2.evaluate(ParentRunner.java:268)
	at org.junit.runners.ParentRunner.run(ParentRunner.java:363)
	at org.gradle.api.internal.tasks.testing.junit.JUnitTestClassExecutor.runTestClass(JUnitTestClassExecutor.java:110)
	at org.gradle.api.internal.tasks.testing.junit.JUnitTestClassExecutor.execute(JUnitTestClassExecutor.java:58)
	at org.gradle.api.internal.tasks.testing.junit.JUnitTestClassExecutor.execute(JUnitTestClassExecutor.java:38)
	at org.gradle.api.internal.tasks.testing.junit.AbstractJUnitTestClassProcessor.processTestClass(AbstractJUnitTestClassProcessor.java:62)
	at org.gradle.api.internal.tasks.testing.SuiteTestClassProcessor.processTestClass(SuiteTestClassProcessor.java:51)
	at sun.reflect.NativeMethodAccessorImpl.invoke0(Native Method)
	at sun.reflect.NativeMethodAccessorImpl.invoke(NativeMethodAccessorImpl.java:62)
	at sun.reflect.DelegatingMethodAccessorImpl.invoke(DelegatingMethodAccessorImpl.java:43)
	at java.lang.reflect.Method.invoke(Method.java:498)
	at org.gradle.internal.dispatch.ReflectionDispatch.dispatch(ReflectionDispatch.java:36)
	at org.gradle.internal.dispatch.ReflectionDispatch.dispatch(ReflectionDispatch.java:24)
	at org.gradle.internal.dispatch.ContextClassLoaderDispatch.dispatch(ContextClassLoaderDispatch.java:33)
	at org.gradle.internal.dispatch.ProxyDispatchAdapter$DispatchingInvocationHandler.invoke(ProxyDispatchAdapter.java:94)
	at com.sun.proxy.$Proxy2.processTestClass(Unknown Source)
	at org.gradle.api.internal.tasks.testing.worker.TestWorker.processTestClass(TestWorker.java:119)
	at sun.reflect.NativeMethodAccessorImpl.invoke0(Native Method)
	at sun.reflect.NativeMethodAccessorImpl.invoke(NativeMethodAccessorImpl.java:62)
	at sun.reflect.DelegatingMethodAccessorImpl.invoke(DelegatingMethodAccessorImpl.java:43)
	at java.lang.reflect.Method.invoke(Method.java:498)
	at org.gradle.internal.dispatch.ReflectionDispatch.dispatch(ReflectionDispatch.java:36)
	at org.gradle.internal.dispatch.ReflectionDispatch.dispatch(ReflectionDispatch.java:24)
	at org.gradle.internal.remote.internal.hub.MessageHubBackedObjectConnection$DispatchWrapper.dispatch(MessageHubBackedObjectConnection.java:182)
	at org.gradle.internal.remote.internal.hub.MessageHubBackedObjectConnection$DispatchWrapper.dispatch(MessageHubBackedObjectConnection.java:164)
	at org.gradle.internal.remote.internal.hub.MessageHub$Handler.run(MessageHub.java:414)
	at org.gradle.internal.concurrent.ExecutorPolicy$CatchAndRecordFailures.onExecute(ExecutorPolicy.java:64)
	at org.gradle.internal.concurrent.ManagedExecutorImpl$1.run(ManagedExecutorImpl.java:48)
	at java.util.concurrent.ThreadPoolExecutor.runWorker(ThreadPoolExecutor.java:1149)
	at java.util.concurrent.ThreadPoolExecutor$Worker.run(ThreadPoolExecutor.java:624)
	at org.gradle.internal.concurrent.ThreadFactoryImpl$ManagedThreadRunnable.run(ThreadFactoryImpl.java:56)
	at java.lang.Thread.run(Thread.java:748)
</failure>
  </testcase>
  <testcase name="test5" classname="taxipark.TestTask2FaithfulPassengers" time="0.001">
    <failure message="java.lang.AssertionError: Wrong result for 'findFaithfulPassengers()'. MinTrips: 0.&#10;Taxi park:&#10;Drivers: [D-0, D-1, D-2, D-3]&#10;Passengers: [P-0, P-1, P-2, P-3, P-4, P-5, P-6, P-7, P-8, P-9, P-10, P-11]&#10;Trips: [(D-3, [P-9], 4, 26.0, 0.3), (D-0, [P-7], 16, 34.0, 0.2), (D-2, [P-9], 19, 16.0), (D-1, [P-4, P-6, P-3], 0, 3.0), (D-3, [P-6, P-11], 33, 10.0), (D-3, [P-11, P-9], 20, 22.0), (D-1, [P-3, P-4], 18, 19.0), (D-3, [P-4, P-7], 0, 31.0, 0.3), (D-0, [P-8, P-7], 7, 14.0), (D-0, [P-11, P-7, P-5, P-8], 4, 1.0, 0.4), (D-3, [P-4, P-8, P-1], 35, 2.0), (D-3, [P-1], 35, 30.0), (D-2, [P-6, P-1], 23, 33.0), (D-3, [P-7, P-6], 38, 9.0), (D-1, [P-3, P-4, P-5], 2, 34.0, 0.2), (D-1, [P-4, P-8, P-7], 5, 31.0, 0.1), (D-0, [P-11, P-4, P-6], 15, 2.0), (D-3, [P-9, P-8, P-6], 24, 17.0), (D-3, [P-0], 37, 3.0, 0.1), (D-1, [P-5, P-7], 0, 15.0, 0.4)]&#10; expected: java.util.LinkedHashSet&lt;[Passenger(name=P-0), Passenger(name=P-1), Passenger(name=P-2), Passenger(name=P-3), Passenger(name=P-4), Passenger(name=P-5), Passenger(name=P-6), Passenger(name=P-7), Passenger(name=P-8), Passenger(name=P-9), Passenger(name=P-10), Passenger(name=P-11)]&gt; but was: java.util.ArrayList&lt;[Passenger(name=P-0), Passenger(name=P-1), Passenger(name=P-2), Passenger(name=P-3), Passenger(name=P-4), Passenger(name=P-5), Passenger(name=P-6), Passenger(name=P-7), Passenger(name=P-8), Passenger(name=P-9), Passenger(name=P-10), Passenger(name=P-11)]&gt;" type="java.lang.AssertionError">java.lang.AssertionError: Wrong result for 'findFaithfulPassengers()'. MinTrips: 0.
Taxi park:
Drivers: [D-0, D-1, D-2, D-3]
Passengers: [P-0, P-1, P-2, P-3, P-4, P-5, P-6, P-7, P-8, P-9, P-10, P-11]
Trips: [(D-3, [P-9], 4, 26.0, 0.3), (D-0, [P-7], 16, 34.0, 0.2), (D-2, [P-9], 19, 16.0), (D-1, [P-4, P-6, P-3], 0, 3.0), (D-3, [P-6, P-11], 33, 10.0), (D-3, [P-11, P-9], 20, 22.0), (D-1, [P-3, P-4], 18, 19.0), (D-3, [P-4, P-7], 0, 31.0, 0.3), (D-0, [P-8, P-7], 7, 14.0), (D-0, [P-11, P-7, P-5, P-8], 4, 1.0, 0.4), (D-3, [P-4, P-8, P-1], 35, 2.0), (D-3, [P-1], 35, 30.0), (D-2, [P-6, P-1], 23, 33.0), (D-3, [P-7, P-6], 38, 9.0), (D-1, [P-3, P-4, P-5], 2, 34.0, 0.2), (D-1, [P-4, P-8, P-7], 5, 31.0, 0.1), (D-0, [P-11, P-4, P-6], 15, 2.0), (D-3, [P-9, P-8, P-6], 24, 17.0), (D-3, [P-0], 37, 3.0, 0.1), (D-1, [P-5, P-7], 0, 15.0, 0.4)]
 expected: java.util.LinkedHashSet&lt;[Passenger(name=P-0), Passenger(name=P-1), Passenger(name=P-2), Passenger(name=P-3), Passenger(name=P-4), Passenger(name=P-5), Passenger(name=P-6), Passenger(name=P-7), Passenger(name=P-8), Passenger(name=P-9), Passenger(name=P-10), Passenger(name=P-11)]&gt; but was: java.util.ArrayList&lt;[Passenger(name=P-0), Passenger(name=P-1), Passenger(name=P-2), Passenger(name=P-3), Passenger(name=P-4), Passenger(name=P-5), Passenger(name=P-6), Passenger(name=P-7), Passenger(name=P-8), Passenger(name=P-9), Passenger(name=P-10), Passenger(name=P-11)]&gt;
	at org.junit.Assert.fail(Assert.java:88)
	at org.junit.Assert.failNotEquals(Assert.java:834)
	at org.junit.Assert.assertEquals(Assert.java:118)
	at taxipark.TestTask2FaithfulPassengers.testFaithfulPassengers(TestTask2FaithfulPassengers.kt:13)
	at taxipark.TestTask2FaithfulPassengers.test5(TestTask2FaithfulPassengers.kt:77)
	at sun.reflect.NativeMethodAccessorImpl.invoke0(Native Method)
	at sun.reflect.NativeMethodAccessorImpl.invoke(NativeMethodAccessorImpl.java:62)
	at sun.reflect.DelegatingMethodAccessorImpl.invoke(DelegatingMethodAccessorImpl.java:43)
	at java.lang.reflect.Method.invoke(Method.java:498)
	at org.junit.runners.model.FrameworkMethod$1.runReflectiveCall(FrameworkMethod.java:50)
	at org.junit.internal.runners.model.ReflectiveCallable.run(ReflectiveCallable.java:12)
	at org.junit.runners.model.FrameworkMethod.invokeExplosively(FrameworkMethod.java:47)
	at org.junit.internal.runners.statements.InvokeMethod.evaluate(InvokeMethod.java:17)
	at org.junit.runners.ParentRunner.runLeaf(ParentRunner.java:325)
	at org.junit.runners.BlockJUnit4ClassRunner.runChild(BlockJUnit4ClassRunner.java:78)
	at org.junit.runners.BlockJUnit4ClassRunner.runChild(BlockJUnit4ClassRunner.java:57)
	at org.junit.runners.ParentRunner$3.run(ParentRunner.java:290)
	at org.junit.runners.ParentRunner$1.schedule(ParentRunner.java:71)
	at org.junit.runners.ParentRunner.runChildren(ParentRunner.java:288)
	at org.junit.runners.ParentRunner.access$000(ParentRunner.java:58)
	at org.junit.runners.ParentRunner$2.evaluate(ParentRunner.java:268)
	at org.junit.runners.ParentRunner.run(ParentRunner.java:363)
	at org.gradle.api.internal.tasks.testing.junit.JUnitTestClassExecutor.runTestClass(JUnitTestClassExecutor.java:110)
	at org.gradle.api.internal.tasks.testing.junit.JUnitTestClassExecutor.execute(JUnitTestClassExecutor.java:58)
	at org.gradle.api.internal.tasks.testing.junit.JUnitTestClassExecutor.execute(JUnitTestClassExecutor.java:38)
	at org.gradle.api.internal.tasks.testing.junit.AbstractJUnitTestClassProcessor.processTestClass(AbstractJUnitTestClassProcessor.java:62)
	at org.gradle.api.internal.tasks.testing.SuiteTestClassProcessor.processTestClass(SuiteTestClassProcessor.java:51)
	at sun.reflect.NativeMethodAccessorImpl.invoke0(Native Method)
	at sun.reflect.NativeMethodAccessorImpl.invoke(NativeMethodAccessorImpl.java:62)
	at sun.reflect.DelegatingMethodAccessorImpl.invoke(DelegatingMethodAccessorImpl.java:43)
	at java.lang.reflect.Method.invoke(Method.java:498)
	at org.gradle.internal.dispatch.ReflectionDispatch.dispatch(ReflectionDispatch.java:36)
	at org.gradle.internal.dispatch.ReflectionDispatch.dispatch(ReflectionDispatch.java:24)
	at org.gradle.internal.dispatch.ContextClassLoaderDispatch.dispatch(ContextClassLoaderDispatch.java:33)
	at org.gradle.internal.dispatch.ProxyDispatchAdapter$DispatchingInvocationHandler.invoke(ProxyDispatchAdapter.java:94)
	at com.sun.proxy.$Proxy2.processTestClass(Unknown Source)
	at org.gradle.api.internal.tasks.testing.worker.TestWorker.processTestClass(TestWorker.java:119)
	at sun.reflect.NativeMethodAccessorImpl.invoke0(Native Method)
	at sun.reflect.NativeMethodAccessorImpl.invoke(NativeMethodAccessorImpl.java:62)
	at sun.reflect.DelegatingMethodAccessorImpl.invoke(DelegatingMethodAccessorImpl.java:43)
	at java.lang.reflect.Method.invoke(Method.java:498)
	at org.gradle.internal.dispatch.ReflectionDispatch.dispatch(ReflectionDispatch.java:36)
	at org.gradle.internal.dispatch.ReflectionDispatch.dispatch(ReflectionDispatch.java:24)
	at org.gradle.internal.remote.internal.hub.MessageHubBackedObjectConnection$DispatchWrapper.dispatch(MessageHubBackedObjectConnection.java:182)
	at org.gradle.internal.remote.internal.hub.MessageHubBackedObjectConnection$DispatchWrapper.dispatch(MessageHubBackedObjectConnection.java:164)
	at org.gradle.internal.remote.internal.hub.MessageHub$Handler.run(MessageHub.java:414)
	at org.gradle.internal.concurrent.ExecutorPolicy$CatchAndRecordFailures.onExecute(ExecutorPolicy.java:64)
	at org.gradle.internal.concurrent.ManagedExecutorImpl$1.run(ManagedExecutorImpl.java:48)
	at java.util.concurrent.ThreadPoolExecutor.runWorker(ThreadPoolExecutor.java:1149)
	at java.util.concurrent.ThreadPoolExecutor$Worker.run(ThreadPoolExecutor.java:624)
	at org.gradle.internal.concurrent.ThreadFactoryImpl$ManagedThreadRunnable.run(ThreadFactoryImpl.java:56)
	at java.lang.Thread.run(Thread.java:748)
</failure>
  </testcase>
  <testcase name="test6" classname="taxipark.TestTask2FaithfulPassengers" time="0.0">
    <failure message="java.lang.AssertionError: Wrong result for 'findFaithfulPassengers()'. MinTrips: 1.&#10;Taxi park:&#10;Drivers: [D-0, D-1, D-2, D-3]&#10;Passengers: [P-0, P-1, P-2, P-3, P-4, P-5, P-6, P-7, P-8, P-9, P-10, P-11]&#10;Trips: [(D-3, [P-9], 4, 26.0, 0.3), (D-0, [P-7], 16, 34.0, 0.2), (D-2, [P-9], 19, 16.0), (D-1, [P-4, P-6, P-3], 0, 3.0), (D-3, [P-6, P-11], 33, 10.0), (D-3, [P-11, P-9], 20, 22.0), (D-1, [P-3, P-4], 18, 19.0), (D-3, [P-4, P-7], 0, 31.0, 0.3), (D-0, [P-8, P-7], 7, 14.0), (D-0, [P-11, P-7, P-5, P-8], 4, 1.0, 0.4), (D-3, [P-4, P-8, P-1], 35, 2.0), (D-3, [P-1], 35, 30.0), (D-2, [P-6, P-1], 23, 33.0), (D-3, [P-7, P-6], 38, 9.0), (D-1, [P-3, P-4, P-5], 2, 34.0, 0.2), (D-1, [P-4, P-8, P-7], 5, 31.0, 0.1), (D-0, [P-11, P-4, P-6], 15, 2.0), (D-3, [P-9, P-8, P-6], 24, 17.0), (D-3, [P-0], 37, 3.0, 0.1), (D-1, [P-5, P-7], 0, 15.0, 0.4)]&#10; expected: java.util.LinkedHashSet&lt;[Passenger(name=P-0), Passenger(name=P-1), Passenger(name=P-3), Passenger(name=P-4), Passenger(name=P-5), Passenger(name=P-6), Passenger(name=P-7), Passenger(name=P-8), Passenger(name=P-9), Passenger(name=P-11)]&gt; but was: java.util.ArrayList&lt;[Passenger(name=P-0), Passenger(name=P-1), Passenger(name=P-3), Passenger(name=P-4), Passenger(name=P-5), Passenger(name=P-6), Passenger(name=P-7), Passenger(name=P-8), Passenger(name=P-9), Passenger(name=P-11)]&gt;" type="java.lang.AssertionError">java.lang.AssertionError: Wrong result for 'findFaithfulPassengers()'. MinTrips: 1.
Taxi park:
Drivers: [D-0, D-1, D-2, D-3]
Passengers: [P-0, P-1, P-2, P-3, P-4, P-5, P-6, P-7, P-8, P-9, P-10, P-11]
Trips: [(D-3, [P-9], 4, 26.0, 0.3), (D-0, [P-7], 16, 34.0, 0.2), (D-2, [P-9], 19, 16.0), (D-1, [P-4, P-6, P-3], 0, 3.0), (D-3, [P-6, P-11], 33, 10.0), (D-3, [P-11, P-9], 20, 22.0), (D-1, [P-3, P-4], 18, 19.0), (D-3, [P-4, P-7], 0, 31.0, 0.3), (D-0, [P-8, P-7], 7, 14.0), (D-0, [P-11, P-7, P-5, P-8], 4, 1.0, 0.4), (D-3, [P-4, P-8, P-1], 35, 2.0), (D-3, [P-1], 35, 30.0), (D-2, [P-6, P-1], 23, 33.0), (D-3, [P-7, P-6], 38, 9.0), (D-1, [P-3, P-4, P-5], 2, 34.0, 0.2), (D-1, [P-4, P-8, P-7], 5, 31.0, 0.1), (D-0, [P-11, P-4, P-6], 15, 2.0), (D-3, [P-9, P-8, P-6], 24, 17.0), (D-3, [P-0], 37, 3.0, 0.1), (D-1, [P-5, P-7], 0, 15.0, 0.4)]
 expected: java.util.LinkedHashSet&lt;[Passenger(name=P-0), Passenger(name=P-1), Passenger(name=P-3), Passenger(name=P-4), Passenger(name=P-5), Passenger(name=P-6), Passenger(name=P-7), Passenger(name=P-8), Passenger(name=P-9), Passenger(name=P-11)]&gt; but was: java.util.ArrayList&lt;[Passenger(name=P-0), Passenger(name=P-1), Passenger(name=P-3), Passenger(name=P-4), Passenger(name=P-5), Passenger(name=P-6), Passenger(name=P-7), Passenger(name=P-8), Passenger(name=P-9), Passenger(name=P-11)]&gt;
	at org.junit.Assert.fail(Assert.java:88)
	at org.junit.Assert.failNotEquals(Assert.java:834)
	at org.junit.Assert.assertEquals(Assert.java:118)
	at taxipark.TestTask2FaithfulPassengers.testFaithfulPassengers(TestTask2FaithfulPassengers.kt:13)
	at taxipark.TestTask2FaithfulPassengers.test6(TestTask2FaithfulPassengers.kt:101)
	at sun.reflect.NativeMethodAccessorImpl.invoke0(Native Method)
	at sun.reflect.NativeMethodAccessorImpl.invoke(NativeMethodAccessorImpl.java:62)
	at sun.reflect.DelegatingMethodAccessorImpl.invoke(DelegatingMethodAccessorImpl.java:43)
	at java.lang.reflect.Method.invoke(Method.java:498)
	at org.junit.runners.model.FrameworkMethod$1.runReflectiveCall(FrameworkMethod.java:50)
	at org.junit.internal.runners.model.ReflectiveCallable.run(ReflectiveCallable.java:12)
	at org.junit.runners.model.FrameworkMethod.invokeExplosively(FrameworkMethod.java:47)
	at org.junit.internal.runners.statements.InvokeMethod.evaluate(InvokeMethod.java:17)
	at org.junit.runners.ParentRunner.runLeaf(ParentRunner.java:325)
	at org.junit.runners.BlockJUnit4ClassRunner.runChild(BlockJUnit4ClassRunner.java:78)
	at org.junit.runners.BlockJUnit4ClassRunner.runChild(BlockJUnit4ClassRunner.java:57)
	at org.junit.runners.ParentRunner$3.run(ParentRunner.java:290)
	at org.junit.runners.ParentRunner$1.schedule(ParentRunner.java:71)
	at org.junit.runners.ParentRunner.runChildren(ParentRunner.java:288)
	at org.junit.runners.ParentRunner.access$000(ParentRunner.java:58)
	at org.junit.runners.ParentRunner$2.evaluate(ParentRunner.java:268)
	at org.junit.runners.ParentRunner.run(ParentRunner.java:363)
	at org.gradle.api.internal.tasks.testing.junit.JUnitTestClassExecutor.runTestClass(JUnitTestClassExecutor.java:110)
	at org.gradle.api.internal.tasks.testing.junit.JUnitTestClassExecutor.execute(JUnitTestClassExecutor.java:58)
	at org.gradle.api.internal.tasks.testing.junit.JUnitTestClassExecutor.execute(JUnitTestClassExecutor.java:38)
	at org.gradle.api.internal.tasks.testing.junit.AbstractJUnitTestClassProcessor.processTestClass(AbstractJUnitTestClassProcessor.java:62)
	at org.gradle.api.internal.tasks.testing.SuiteTestClassProcessor.processTestClass(SuiteTestClassProcessor.java:51)
	at sun.reflect.NativeMethodAccessorImpl.invoke0(Native Method)
	at sun.reflect.NativeMethodAccessorImpl.invoke(NativeMethodAccessorImpl.java:62)
	at sun.reflect.DelegatingMethodAccessorImpl.invoke(DelegatingMethodAccessorImpl.java:43)
	at java.lang.reflect.Method.invoke(Method.java:498)
	at org.gradle.internal.dispatch.ReflectionDispatch.dispatch(ReflectionDispatch.java:36)
	at org.gradle.internal.dispatch.ReflectionDispatch.dispatch(ReflectionDispatch.java:24)
	at org.gradle.internal.dispatch.ContextClassLoaderDispatch.dispatch(ContextClassLoaderDispatch.java:33)
	at org.gradle.internal.dispatch.ProxyDispatchAdapter$DispatchingInvocationHandler.invoke(ProxyDispatchAdapter.java:94)
	at com.sun.proxy.$Proxy2.processTestClass(Unknown Source)
	at org.gradle.api.internal.tasks.testing.worker.TestWorker.processTestClass(TestWorker.java:119)
	at sun.reflect.NativeMethodAccessorImpl.invoke0(Native Method)
	at sun.reflect.NativeMethodAccessorImpl.invoke(NativeMethodAccessorImpl.java:62)
	at sun.reflect.DelegatingMethodAccessorImpl.invoke(DelegatingMethodAccessorImpl.java:43)
	at java.lang.reflect.Method.invoke(Method.java:498)
	at org.gradle.internal.dispatch.ReflectionDispatch.dispatch(ReflectionDispatch.java:36)
	at org.gradle.internal.dispatch.ReflectionDispatch.dispatch(ReflectionDispatch.java:24)
	at org.gradle.internal.remote.internal.hub.MessageHubBackedObjectConnection$DispatchWrapper.dispatch(MessageHubBackedObjectConnection.java:182)
	at org.gradle.internal.remote.internal.hub.MessageHubBackedObjectConnection$DispatchWrapper.dispatch(MessageHubBackedObjectConnection.java:164)
	at org.gradle.internal.remote.internal.hub.MessageHub$Handler.run(MessageHub.java:414)
	at org.gradle.internal.concurrent.ExecutorPolicy$CatchAndRecordFailures.onExecute(ExecutorPolicy.java:64)
	at org.gradle.internal.concurrent.ManagedExecutorImpl$1.run(ManagedExecutorImpl.java:48)
	at java.util.concurrent.ThreadPoolExecutor.runWorker(ThreadPoolExecutor.java:1149)
	at java.util.concurrent.ThreadPoolExecutor$Worker.run(ThreadPoolExecutor.java:624)
	at org.gradle.internal.concurrent.ThreadFactoryImpl$ManagedThreadRunnable.run(ThreadFactoryImpl.java:56)
	at java.lang.Thread.run(Thread.java:748)
</failure>
  </testcase>
  <testcase name="test7" classname="taxipark.TestTask2FaithfulPassengers" time="0.0">
    <failure message="java.lang.AssertionError: Wrong result for 'findFaithfulPassengers()'. MinTrips: 3.&#10;Taxi park:&#10;Drivers: [D-0, D-1, D-2, D-3, D-4, D-5, D-6, D-7]&#10;Passengers: [P-0, P-1, P-2, P-3, P-4, P-5, P-6, P-7, P-8, P-9, P-10, P-11, P-12, P-13, P-14, P-15]&#10;Trips: [(D-6, [P-10, P-15], 18, 2.0, 0.2), (D-1, [P-13], 26, 17.0), (D-5, [P-5, P-9], 5, 17.0, 0.1), (D-2, [P-10], 6, 13.0, 0.4), (D-7, [P-0, P-6, P-5], 24, 21.0, 0.2), (D-0, [P-3, P-14, P-10, P-8], 11, 0.0, 0.2), (D-1, [P-3, P-12], 19, 35.0, 0.1), (D-5, [P-4], 0, 33.0), (D-1, [P-14], 7, 25.0, 0.4), (D-4, [P-2, P-15], 15, 2.0), (D-0, [P-11, P-0], 32, 23.0), (D-1, [P-0, P-8], 19, 15.0, 0.4), (D-4, [P-11, P-4], 14, 19.0, 0.3), (D-4, [P-5], 16, 38.0, 0.3), (D-5, [P-7], 3, 31.0, 0.4), (D-4, [P-9, P-12], 1, 16.0), (D-4, [P-0, P-4, P-15, P-6], 1, 38.0, 0.3), (D-7, [P-11, P-6], 38, 14.0), (D-2, [P-1], 11, 19.0, 0.4), (D-1, [P-10, P-11, P-1], 30, 33.0), (D-7, [P-0], 2, 23.0, 0.2), (D-2, [P-11, P-12], 14, 4.0, 0.2), (D-2, [P-1, P-12], 30, 39.0), (D-4, [P-11], 27, 30.0), (D-6, [P-7, P-3, P-5], 21, 18.0), (D-0, [P-5, P-11, P-6, P-13], 3, 26.0), (D-3, [P-7, P-14], 39, 13.0, 0.4), (D-5, [P-0, P-2], 25, 9.0), (D-4, [P-1, P-2], 36, 26.0), (D-7, [P-0, P-5], 36, 9.0, 0.2), (D-2, [P-7, P-14], 8, 26.0), (D-5, [P-6], 25, 29.0, 0.4), (D-1, [P-14], 39, 31.0, 0.1), (D-2, [P-5, P-13], 7, 37.0, 0.1), (D-4, [P-4], 16, 31.0, 0.2), (D-1, [P-13], 33, 31.0), (D-5, [P-11, P-1], 23, 32.0, 0.2), (D-5, [P-13, P-2], 25, 8.0), (D-4, [P-15], 18, 15.0), (D-4, [P-13, P-8], 0, 27.0)]&#10; expected: java.util.LinkedHashSet&lt;[Passenger(name=P-0), Passenger(name=P-1), Passenger(name=P-2), Passenger(name=P-3), Passenger(name=P-4), Passenger(name=P-5), Passenger(name=P-6), Passenger(name=P-7), Passenger(name=P-8), Passenger(name=P-10), Passenger(name=P-11), Passenger(name=P-12), Passenger(name=P-13), Passenger(name=P-14), Passenger(name=P-15)]&gt; but was: java.util.ArrayList&lt;[Passenger(name=P-0), Passenger(name=P-1), Passenger(name=P-2), Passenger(name=P-3), Passenger(name=P-4), Passenger(name=P-5), Passenger(name=P-6), Passenger(name=P-7), Passenger(name=P-8), Passenger(name=P-10), Passenger(name=P-11), Passenger(name=P-12), Passenger(name=P-13), Passenger(name=P-14), Passenger(name=P-15)]&gt;" type="java.lang.AssertionError">java.lang.AssertionError: Wrong result for 'findFaithfulPassengers()'. MinTrips: 3.
Taxi park:
Drivers: [D-0, D-1, D-2, D-3, D-4, D-5, D-6, D-7]
Passengers: [P-0, P-1, P-2, P-3, P-4, P-5, P-6, P-7, P-8, P-9, P-10, P-11, P-12, P-13, P-14, P-15]
Trips: [(D-6, [P-10, P-15], 18, 2.0, 0.2), (D-1, [P-13], 26, 17.0), (D-5, [P-5, P-9], 5, 17.0, 0.1), (D-2, [P-10], 6, 13.0, 0.4), (D-7, [P-0, P-6, P-5], 24, 21.0, 0.2), (D-0, [P-3, P-14, P-10, P-8], 11, 0.0, 0.2), (D-1, [P-3, P-12], 19, 35.0, 0.1), (D-5, [P-4], 0, 33.0), (D-1, [P-14], 7, 25.0, 0.4), (D-4, [P-2, P-15], 15, 2.0), (D-0, [P-11, P-0], 32, 23.0), (D-1, [P-0, P-8], 19, 15.0, 0.4), (D-4, [P-11, P-4], 14, 19.0, 0.3), (D-4, [P-5], 16, 38.0, 0.3), (D-5, [P-7], 3, 31.0, 0.4), (D-4, [P-9, P-12], 1, 16.0), (D-4, [P-0, P-4, P-15, P-6], 1, 38.0, 0.3), (D-7, [P-11, P-6], 38, 14.0), (D-2, [P-1], 11, 19.0, 0.4), (D-1, [P-10, P-11, P-1], 30, 33.0), (D-7, [P-0], 2, 23.0, 0.2), (D-2, [P-11, P-12], 14, 4.0, 0.2), (D-2, [P-1, P-12], 30, 39.0), (D-4, [P-11], 27, 30.0), (D-6, [P-7, P-3, P-5], 21, 18.0), (D-0, [P-5, P-11, P-6, P-13], 3, 26.0), (D-3, [P-7, P-14], 39, 13.0, 0.4), (D-5, [P-0, P-2], 25, 9.0), (D-4, [P-1, P-2], 36, 26.0), (D-7, [P-0, P-5], 36, 9.0, 0.2), (D-2, [P-7, P-14], 8, 26.0), (D-5, [P-6], 25, 29.0, 0.4), (D-1, [P-14], 39, 31.0, 0.1), (D-2, [P-5, P-13], 7, 37.0, 0.1), (D-4, [P-4], 16, 31.0, 0.2), (D-1, [P-13], 33, 31.0), (D-5, [P-11, P-1], 23, 32.0, 0.2), (D-5, [P-13, P-2], 25, 8.0), (D-4, [P-15], 18, 15.0), (D-4, [P-13, P-8], 0, 27.0)]
 expected: java.util.LinkedHashSet&lt;[Passenger(name=P-0), Passenger(name=P-1), Passenger(name=P-2), Passenger(name=P-3), Passenger(name=P-4), Passenger(name=P-5), Passenger(name=P-6), Passenger(name=P-7), Passenger(name=P-8), Passenger(name=P-10), Passenger(name=P-11), Passenger(name=P-12), Passenger(name=P-13), Passenger(name=P-14), Passenger(name=P-15)]&gt; but was: java.util.ArrayList&lt;[Passenger(name=P-0), Passenger(name=P-1), Passenger(name=P-2), Passenger(name=P-3), Passenger(name=P-4), Passenger(name=P-5), Passenger(name=P-6), Passenger(name=P-7), Passenger(name=P-8), Passenger(name=P-10), Passenger(name=P-11), Passenger(name=P-12), Passenger(name=P-13), Passenger(name=P-14), Passenger(name=P-15)]&gt;
	at org.junit.Assert.fail(Assert.java:88)
	at org.junit.Assert.failNotEquals(Assert.java:834)
	at org.junit.Assert.assertEquals(Assert.java:118)
	at taxipark.TestTask2FaithfulPassengers.testFaithfulPassengers(TestTask2FaithfulPassengers.kt:13)
	at taxipark.TestTask2FaithfulPassengers.test7(TestTask2FaithfulPassengers.kt:125)
	at sun.reflect.NativeMethodAccessorImpl.invoke0(Native Method)
	at sun.reflect.NativeMethodAccessorImpl.invoke(NativeMethodAccessorImpl.java:62)
	at sun.reflect.DelegatingMethodAccessorImpl.invoke(DelegatingMethodAccessorImpl.java:43)
	at java.lang.reflect.Method.invoke(Method.java:498)
	at org.junit.runners.model.FrameworkMethod$1.runReflectiveCall(FrameworkMethod.java:50)
	at org.junit.internal.runners.model.ReflectiveCallable.run(ReflectiveCallable.java:12)
	at org.junit.runners.model.FrameworkMethod.invokeExplosively(FrameworkMethod.java:47)
	at org.junit.internal.runners.statements.InvokeMethod.evaluate(InvokeMethod.java:17)
	at org.junit.runners.ParentRunner.runLeaf(ParentRunner.java:325)
	at org.junit.runners.BlockJUnit4ClassRunner.runChild(BlockJUnit4ClassRunner.java:78)
	at org.junit.runners.BlockJUnit4ClassRunner.runChild(BlockJUnit4ClassRunner.java:57)
	at org.junit.runners.ParentRunner$3.run(ParentRunner.java:290)
	at org.junit.runners.ParentRunner$1.schedule(ParentRunner.java:71)
	at org.junit.runners.ParentRunner.runChildren(ParentRunner.java:288)
	at org.junit.runners.ParentRunner.access$000(ParentRunner.java:58)
	at org.junit.runners.ParentRunner$2.evaluate(ParentRunner.java:268)
	at org.junit.runners.ParentRunner.run(ParentRunner.java:363)
	at org.gradle.api.internal.tasks.testing.junit.JUnitTestClassExecutor.runTestClass(JUnitTestClassExecutor.java:110)
	at org.gradle.api.internal.tasks.testing.junit.JUnitTestClassExecutor.execute(JUnitTestClassExecutor.java:58)
	at org.gradle.api.internal.tasks.testing.junit.JUnitTestClassExecutor.execute(JUnitTestClassExecutor.java:38)
	at org.gradle.api.internal.tasks.testing.junit.AbstractJUnitTestClassProcessor.processTestClass(AbstractJUnitTestClassProcessor.java:62)
	at org.gradle.api.internal.tasks.testing.SuiteTestClassProcessor.processTestClass(SuiteTestClassProcessor.java:51)
	at sun.reflect.NativeMethodAccessorImpl.invoke0(Native Method)
	at sun.reflect.NativeMethodAccessorImpl.invoke(NativeMethodAccessorImpl.java:62)
	at sun.reflect.DelegatingMethodAccessorImpl.invoke(DelegatingMethodAccessorImpl.java:43)
	at java.lang.reflect.Method.invoke(Method.java:498)
	at org.gradle.internal.dispatch.ReflectionDispatch.dispatch(ReflectionDispatch.java:36)
	at org.gradle.internal.dispatch.ReflectionDispatch.dispatch(ReflectionDispatch.java:24)
	at org.gradle.internal.dispatch.ContextClassLoaderDispatch.dispatch(ContextClassLoaderDispatch.java:33)
	at org.gradle.internal.dispatch.ProxyDispatchAdapter$DispatchingInvocationHandler.invoke(ProxyDispatchAdapter.java:94)
	at com.sun.proxy.$Proxy2.processTestClass(Unknown Source)
	at org.gradle.api.internal.tasks.testing.worker.TestWorker.processTestClass(TestWorker.java:119)
	at sun.reflect.NativeMethodAccessorImpl.invoke0(Native Method)
	at sun.reflect.NativeMethodAccessorImpl.invoke(NativeMethodAccessorImpl.java:62)
	at sun.reflect.DelegatingMethodAccessorImpl.invoke(DelegatingMethodAccessorImpl.java:43)
	at java.lang.reflect.Method.invoke(Method.java:498)
	at org.gradle.internal.dispatch.ReflectionDispatch.dispatch(ReflectionDispatch.java:36)
	at org.gradle.internal.dispatch.ReflectionDispatch.dispatch(ReflectionDispatch.java:24)
	at org.gradle.internal.remote.internal.hub.MessageHubBackedObjectConnection$DispatchWrapper.dispatch(MessageHubBackedObjectConnection.java:182)
	at org.gradle.internal.remote.internal.hub.MessageHubBackedObjectConnection$DispatchWrapper.dispatch(MessageHubBackedObjectConnection.java:164)
	at org.gradle.internal.remote.internal.hub.MessageHub$Handler.run(MessageHub.java:414)
	at org.gradle.internal.concurrent.ExecutorPolicy$CatchAndRecordFailures.onExecute(ExecutorPolicy.java:64)
	at org.gradle.internal.concurrent.ManagedExecutorImpl$1.run(ManagedExecutorImpl.java:48)
	at java.util.concurrent.ThreadPoolExecutor.runWorker(ThreadPoolExecutor.java:1149)
	at java.util.concurrent.ThreadPoolExecutor$Worker.run(ThreadPoolExecutor.java:624)
	at org.gradle.internal.concurrent.ThreadFactoryImpl$ManagedThreadRunnable.run(ThreadFactoryImpl.java:56)
	at java.lang.Thread.run(Thread.java:748)
</failure>
  </testcase>
  <system-out><![CDATA[]]></system-out>
  <system-err><![CDATA[]]></system-err>
</testsuite>
